Performing C SOURCE FILE Test CMAKE_HAVE_LIBC_PTHREAD failed with the following output:
Change Dir: /home/eureka/code/OpenPCDet_ws/src/OpenPCDet_ros/build/CMakeFiles/CMakeTmp

Run Build Command(s):/usr/bin/make cmTC_1e2fc/fast && /usr/bin/make -f CMakeFiles/cmTC_1e2fc.dir/build.make CMakeFiles/cmTC_1e2fc.dir/build
make[1]: 进入目录“/home/eureka/code/OpenPCDet_ws/src/OpenPCDet_ros/build/CMakeFiles/CMakeTmp”
Building C object CMakeFiles/cmTC_1e2fc.dir/src.c.o
/usr/lib/ccache/cc   -DCMAKE_HAVE_LIBC_PTHREAD   -o CMakeFiles/cmTC_1e2fc.dir/src.c.o   -c /home/eureka/code/OpenPCDet_ws/src/OpenPCDet_ros/build/CMakeFiles/CMakeTmp/src.c
Linking C executable cmTC_1e2fc
/usr/bin/cmake -E cmake_link_script CMakeFiles/cmTC_1e2fc.dir/link.txt --verbose=1
/usr/lib/ccache/cc  -DCMAKE_HAVE_LIBC_PTHREAD    -rdynamic CMakeFiles/cmTC_1e2fc.dir/src.c.o  -o cmTC_1e2fc 
/usr/bin/ld: CMakeFiles/cmTC_1e2fc.dir/src.c.o: in function `main':
src.c:(.text+0x46): undefined reference to `pthread_create'
/usr/bin/ld: src.c:(.text+0x52): undefined reference to `pthread_detach'
/usr/bin/ld: src.c:(.text+0x63): undefined reference to `pthread_join'
collect2: error: ld returned 1 exit status
make[1]: *** [CMakeFiles/cmTC_1e2fc.dir/build.make:87：cmTC_1e2fc] 错误 1
make[1]: 离开目录“/home/eureka/code/OpenPCDet_ws/src/OpenPCDet_ros/build/CMakeFiles/CMakeTmp”
make: *** [Makefile:121：cmTC_1e2fc/fast] 错误 2


Source file was:
#include <pthread.h>

void* test_func(void* data)
{
  return data;
}

int main(void)
{
  pthread_t thread;
  pthread_create(&thread, NULL, test_func, NULL);
  pthread_detach(thread);
  pthread_join(thread, NULL);
  pthread_atfork(NULL, NULL, NULL);
  pthread_exit(NULL);

  return 0;
}

Determining if the function pthread_create exists in the pthreads failed with the following output:
Change Dir: /home/eureka/code/OpenPCDet_ws/src/OpenPCDet_ros/build/CMakeFiles/CMakeTmp

Run Build Command(s):/usr/bin/make cmTC_cf026/fast && /usr/bin/make -f CMakeFiles/cmTC_cf026.dir/build.make CMakeFiles/cmTC_cf026.dir/build
make[1]: 进入目录“/home/eureka/code/OpenPCDet_ws/src/OpenPCDet_ros/build/CMakeFiles/CMakeTmp”
Building C object CMakeFiles/cmTC_cf026.dir/CheckFunctionExists.c.o
/usr/lib/ccache/cc   -DCHECK_FUNCTION_EXISTS=pthread_create   -o CMakeFiles/cmTC_cf026.dir/CheckFunctionExists.c.o   -c /usr/share/cmake-3.16/Modules/CheckFunctionExists.c
Linking C executable cmTC_cf026
/usr/bin/cmake -E cmake_link_script CMakeFiles/cmTC_cf026.dir/link.txt --verbose=1
/usr/lib/ccache/cc  -DCHECK_FUNCTION_EXISTS=pthread_create    -rdynamic CMakeFiles/cmTC_cf026.dir/CheckFunctionExists.c.o  -o cmTC_cf026  -lpthreads 
/usr/bin/ld: 找不到 -lpthreads
collect2: error: ld returned 1 exit status
make[1]: *** [CMakeFiles/cmTC_cf026.dir/build.make:87：cmTC_cf026] 错误 1
make[1]: 离开目录“/home/eureka/code/OpenPCDet_ws/src/OpenPCDet_ros/build/CMakeFiles/CMakeTmp”
make: *** [Makefile:121：cmTC_cf026/fast] 错误 2



Performing C SOURCE FILE Test CMAKE_HAVE_LIBC_PTHREAD failed with the following output:
Change Dir: /home/eureka/code/OpenPCDet_ws/src/OpenPCDet_ros/build/CMakeFiles/CMakeTmp

Run Build Command(s):/usr/bin/make cmTC_9c162/fast && /usr/bin/make -f CMakeFiles/cmTC_9c162.dir/build.make CMakeFiles/cmTC_9c162.dir/build
make[1]: 进入目录“/home/eureka/code/OpenPCDet_ws/src/OpenPCDet_ros/build/CMakeFiles/CMakeTmp”
Building C object CMakeFiles/cmTC_9c162.dir/src.c.o
/usr/lib/ccache/cc   -DCMAKE_HAVE_LIBC_PTHREAD   -o CMakeFiles/cmTC_9c162.dir/src.c.o   -c /home/eureka/code/OpenPCDet_ws/src/OpenPCDet_ros/build/CMakeFiles/CMakeTmp/src.c
Linking C executable cmTC_9c162
/usr/bin/cmake -E cmake_link_script CMakeFiles/cmTC_9c162.dir/link.txt --verbose=1
/usr/lib/ccache/cc  -DCMAKE_HAVE_LIBC_PTHREAD    -rdynamic CMakeFiles/cmTC_9c162.dir/src.c.o  -o cmTC_9c162 
/usr/bin/ld: CMakeFiles/cmTC_9c162.dir/src.c.o: in function `main':
src.c:(.text+0x46): undefined reference to `pthread_create'
/usr/bin/ld: src.c:(.text+0x52): undefined reference to `pthread_detach'
/usr/bin/ld: src.c:(.text+0x63): undefined reference to `pthread_join'
collect2: error: ld returned 1 exit status
make[1]: *** [CMakeFiles/cmTC_9c162.dir/build.make:87：cmTC_9c162] 错误 1
make[1]: 离开目录“/home/eureka/code/OpenPCDet_ws/src/OpenPCDet_ros/build/CMakeFiles/CMakeTmp”
make: *** [Makefile:121：cmTC_9c162/fast] 错误 2


Source file was:
#include <pthread.h>

void* test_func(void* data)
{
  return data;
}

int main(void)
{
  pthread_t thread;
  pthread_create(&thread, NULL, test_func, NULL);
  pthread_detach(thread);
  pthread_join(thread, NULL);
  pthread_atfork(NULL, NULL, NULL);
  pthread_exit(NULL);

  return 0;
}

Determining if the function pthread_create exists in the pthreads failed with the following output:
Change Dir: /home/eureka/code/OpenPCDet_ws/src/OpenPCDet_ros/build/CMakeFiles/CMakeTmp

Run Build Command(s):/usr/bin/make cmTC_a9078/fast && /usr/bin/make -f CMakeFiles/cmTC_a9078.dir/build.make CMakeFiles/cmTC_a9078.dir/build
make[1]: 进入目录“/home/eureka/code/OpenPCDet_ws/src/OpenPCDet_ros/build/CMakeFiles/CMakeTmp”
Building C object CMakeFiles/cmTC_a9078.dir/CheckFunctionExists.c.o
/usr/lib/ccache/cc   -DCHECK_FUNCTION_EXISTS=pthread_create   -o CMakeFiles/cmTC_a9078.dir/CheckFunctionExists.c.o   -c /usr/share/cmake-3.16/Modules/CheckFunctionExists.c
Linking C executable cmTC_a9078
/usr/bin/cmake -E cmake_link_script CMakeFiles/cmTC_a9078.dir/link.txt --verbose=1
/usr/lib/ccache/cc  -DCHECK_FUNCTION_EXISTS=pthread_create    -rdynamic CMakeFiles/cmTC_a9078.dir/CheckFunctionExists.c.o  -o cmTC_a9078  -lpthreads 
/usr/bin/ld: 找不到 -lpthreads
collect2: error: ld returned 1 exit status
make[1]: *** [CMakeFiles/cmTC_a9078.dir/build.make:87：cmTC_a9078] 错误 1
make[1]: 离开目录“/home/eureka/code/OpenPCDet_ws/src/OpenPCDet_ros/build/CMakeFiles/CMakeTmp”
make: *** [Makefile:121：cmTC_a9078/fast] 错误 2



Performing C SOURCE FILE Test CMAKE_HAVE_LIBC_PTHREAD failed with the following output:
Change Dir: /home/eureka/code/OpenPCDet_ws/src/OpenPCDet_ros/build/CMakeFiles/CMakeTmp

Run Build Command(s):/usr/bin/make cmTC_9e854/fast && /usr/bin/make -f CMakeFiles/cmTC_9e854.dir/build.make CMakeFiles/cmTC_9e854.dir/build
make[1]: 进入目录“/home/eureka/code/OpenPCDet_ws/src/OpenPCDet_ros/build/CMakeFiles/CMakeTmp”
Building C object CMakeFiles/cmTC_9e854.dir/src.c.o
/usr/lib/ccache/cc   -DCMAKE_HAVE_LIBC_PTHREAD   -o CMakeFiles/cmTC_9e854.dir/src.c.o   -c /home/eureka/code/OpenPCDet_ws/src/OpenPCDet_ros/build/CMakeFiles/CMakeTmp/src.c
Linking C executable cmTC_9e854
/usr/bin/cmake -E cmake_link_script CMakeFiles/cmTC_9e854.dir/link.txt --verbose=1
/usr/lib/ccache/cc  -DCMAKE_HAVE_LIBC_PTHREAD    -rdynamic CMakeFiles/cmTC_9e854.dir/src.c.o  -o cmTC_9e854 
/usr/bin/ld: CMakeFiles/cmTC_9e854.dir/src.c.o: in function `main':
src.c:(.text+0x46): undefined reference to `pthread_create'
/usr/bin/ld: src.c:(.text+0x52): undefined reference to `pthread_detach'
/usr/bin/ld: src.c:(.text+0x63): undefined reference to `pthread_join'
collect2: error: ld returned 1 exit status
make[1]: *** [CMakeFiles/cmTC_9e854.dir/build.make:87：cmTC_9e854] 错误 1
make[1]: 离开目录“/home/eureka/code/OpenPCDet_ws/src/OpenPCDet_ros/build/CMakeFiles/CMakeTmp”
make: *** [Makefile:121：cmTC_9e854/fast] 错误 2


Source file was:
#include <pthread.h>

void* test_func(void* data)
{
  return data;
}

int main(void)
{
  pthread_t thread;
  pthread_create(&thread, NULL, test_func, NULL);
  pthread_detach(thread);
  pthread_join(thread, NULL);
  pthread_atfork(NULL, NULL, NULL);
  pthread_exit(NULL);

  return 0;
}

Determining if the function pthread_create exists in the pthreads failed with the following output:
Change Dir: /home/eureka/code/OpenPCDet_ws/src/OpenPCDet_ros/build/CMakeFiles/CMakeTmp

Run Build Command(s):/usr/bin/make cmTC_5a7f1/fast && /usr/bin/make -f CMakeFiles/cmTC_5a7f1.dir/build.make CMakeFiles/cmTC_5a7f1.dir/build
make[1]: 进入目录“/home/eureka/code/OpenPCDet_ws/src/OpenPCDet_ros/build/CMakeFiles/CMakeTmp”
Building C object CMakeFiles/cmTC_5a7f1.dir/CheckFunctionExists.c.o
/usr/lib/ccache/cc   -DCHECK_FUNCTION_EXISTS=pthread_create   -o CMakeFiles/cmTC_5a7f1.dir/CheckFunctionExists.c.o   -c /usr/share/cmake-3.16/Modules/CheckFunctionExists.c
Linking C executable cmTC_5a7f1
/usr/bin/cmake -E cmake_link_script CMakeFiles/cmTC_5a7f1.dir/link.txt --verbose=1
/usr/lib/ccache/cc  -DCHECK_FUNCTION_EXISTS=pthread_create    -rdynamic CMakeFiles/cmTC_5a7f1.dir/CheckFunctionExists.c.o  -o cmTC_5a7f1  -lpthreads 
/usr/bin/ld: 找不到 -lpthreads
collect2: error: ld returned 1 exit status
make[1]: *** [CMakeFiles/cmTC_5a7f1.dir/build.make:87：cmTC_5a7f1] 错误 1
make[1]: 离开目录“/home/eureka/code/OpenPCDet_ws/src/OpenPCDet_ros/build/CMakeFiles/CMakeTmp”
make: *** [Makefile:121：cmTC_5a7f1/fast] 错误 2



